<?xml version="1.0" encoding="UTF-8"?>
<testng-results skipped="0" failed="0" total="4" passed="4">
  <reporter-output>
  </reporter-output>
  <suite name="Default suite" duration-ms="25328" started-at="2017-07-11T04:09:52Z" finished-at="2017-07-11T04:10:17Z">
    <groups>
      <group name="Training_Menu">
        <method signature="TrainingMenuTest.ItemList()[pri:283, instance:testng_TestCases.TrainingMenuTest@78123e82]" name="ItemList" class="testng_TestCases.TrainingMenuTest"/>
        <method signature="TrainingMenuTest.ProgramSyncInfo()[pri:285, instance:testng_TestCases.TrainingMenuTest@78123e82]" name="ProgramSyncInfo" class="testng_TestCases.TrainingMenuTest"/>
        <method signature="TrainingMenuTest.ScheduledProgramList()[pri:284, instance:testng_TestCases.TrainingMenuTest@78123e82]" name="ScheduledProgramList" class="testng_TestCases.TrainingMenuTest"/>
        <method signature="TrainingMenuTest.TrainingPrograms()[pri:282, instance:testng_TestCases.TrainingMenuTest@78123e82]" name="TrainingPrograms" class="testng_TestCases.TrainingMenuTest"/>
      </group> <!-- Training_Menu -->
    </groups>
    <test name="Default test" duration-ms="25328" started-at="2017-07-11T04:09:52Z" finished-at="2017-07-11T04:10:17Z">
      <class name="testng_TestCases.TrainingMenuTest">
        <test-method status="PASS" signature="initialioseBrowser()[pri:0, instance:testng_TestCases.TrainingMenuTest@78123e82]" name="initialioseBrowser" is-config="true" duration-ms="17805" started-at="2017-07-11T09:39:34Z" finished-at="2017-07-11T09:39:51Z">
          <reporter-output>
          </reporter-output>
        </test-method> <!-- initialioseBrowser -->
        <test-method status="PASS" signature="worklst()[pri:0, instance:testng_TestCases.TrainingMenuTest@78123e82]" name="worklst" is-config="true" duration-ms="196" started-at="2017-07-11T09:39:51Z" depends-on-methods="common_Function.WebDriverPass.initialioseBrowser" finished-at="2017-07-11T09:39:52Z">
          <reporter-output>
          </reporter-output>
        </test-method> <!-- worklst -->
        <test-method status="PASS" signature="TrainingPrograms()[pri:282, instance:testng_TestCases.TrainingMenuTest@78123e82]" name="TrainingPrograms" duration-ms="16588" started-at="2017-07-11T09:39:52Z" finished-at="2017-07-11T09:40:08Z">
          <reporter-output>
          </reporter-output>
        </test-method> <!-- TrainingPrograms -->
        <test-method status="PASS" signature="afterMethod(org.testng.ITestResult)[pri:0, instance:testng_TestCases.TrainingMenuTest@78123e82]" name="afterMethod" is-config="true" duration-ms="223" started-at="2017-07-11T09:40:08Z" finished-at="2017-07-11T09:40:08Z">
          <params>
            <param index="0">
              <value>
                <![CDATA[[TestResult name=TrainingPrograms status=SUCCESS method=TrainingMenuTest.TrainingPrograms()[pri:282, instance:testng_TestCases.TrainingMenuTest@78123e82] output={null}]]]>
              </value>
            </param>
          </params>
          <reporter-output>
          </reporter-output>
        </test-method> <!-- afterMethod -->
        <test-method status="PASS" signature="ItemList()[pri:283, instance:testng_TestCases.TrainingMenuTest@78123e82]" name="ItemList" duration-ms="2837" started-at="2017-07-11T09:40:08Z" finished-at="2017-07-11T09:40:11Z">
          <reporter-output>
          </reporter-output>
        </test-method> <!-- ItemList -->
        <test-method status="PASS" signature="afterMethod(org.testng.ITestResult)[pri:0, instance:testng_TestCases.TrainingMenuTest@78123e82]" name="afterMethod" is-config="true" duration-ms="37" started-at="2017-07-11T09:40:11Z" finished-at="2017-07-11T09:40:11Z">
          <params>
            <param index="0">
              <value>
                <![CDATA[[TestResult name=ItemList status=SUCCESS method=TrainingMenuTest.ItemList()[pri:283, instance:testng_TestCases.TrainingMenuTest@78123e82] output={null}]]]>
              </value>
            </param>
          </params>
          <reporter-output>
          </reporter-output>
        </test-method> <!-- afterMethod -->
        <test-method status="PASS" signature="ScheduledProgramList()[pri:284, instance:testng_TestCases.TrainingMenuTest@78123e82]" name="ScheduledProgramList" duration-ms="3239" started-at="2017-07-11T09:40:11Z" finished-at="2017-07-11T09:40:15Z">
          <reporter-output>
          </reporter-output>
        </test-method> <!-- ScheduledProgramList -->
        <test-method status="PASS" signature="afterMethod(org.testng.ITestResult)[pri:0, instance:testng_TestCases.TrainingMenuTest@78123e82]" name="afterMethod" is-config="true" duration-ms="51" started-at="2017-07-11T09:40:15Z" finished-at="2017-07-11T09:40:15Z">
          <params>
            <param index="0">
              <value>
                <![CDATA[[TestResult name=ScheduledProgramList status=SUCCESS method=TrainingMenuTest.ScheduledProgramList()[pri:284, instance:testng_TestCases.TrainingMenuTest@78123e82] output={null}]]]>
              </value>
            </param>
          </params>
          <reporter-output>
          </reporter-output>
        </test-method> <!-- afterMethod -->
        <test-method status="PASS" signature="ProgramSyncInfo()[pri:285, instance:testng_TestCases.TrainingMenuTest@78123e82]" name="ProgramSyncInfo" duration-ms="2306" started-at="2017-07-11T09:40:15Z" finished-at="2017-07-11T09:40:17Z">
          <reporter-output>
          </reporter-output>
        </test-method> <!-- ProgramSyncInfo -->
        <test-method status="PASS" signature="afterMethod(org.testng.ITestResult)[pri:0, instance:testng_TestCases.TrainingMenuTest@78123e82]" name="afterMethod" is-config="true" duration-ms="36" started-at="2017-07-11T09:40:17Z" finished-at="2017-07-11T09:40:17Z">
          <params>
            <param index="0">
              <value>
                <![CDATA[[TestResult name=ProgramSyncInfo status=SUCCESS method=TrainingMenuTest.ProgramSyncInfo()[pri:285, instance:testng_TestCases.TrainingMenuTest@78123e82] output={null}]]]>
              </value>
            </param>
          </params>
          <reporter-output>
          </reporter-output>
        </test-method> <!-- afterMethod -->
        <test-method status="PASS" signature="closeBrowser()[pri:0, instance:testng_TestCases.TrainingMenuTest@78123e82]" name="closeBrowser" is-config="true" duration-ms="939" started-at="2017-07-11T09:40:17Z" finished-at="2017-07-11T09:40:18Z">
          <reporter-output>
          </reporter-output>
        </test-method> <!-- closeBrowser -->
      </class> <!-- testng_TestCases.TrainingMenuTest -->
    </test> <!-- Default test -->
  </suite> <!-- Default suite -->
</testng-results>
