<?xml version="1.0" encoding="UTF-8"?>
<!-- Generated by org.testng.reporters.JUnitXMLReporter -->
<testsuite hostname="Arati-PC" name="Default test" tests="4" failures="0" timestamp="11 Jul 2017 04:10:17 GMT" time="25.328" errors="0">
  <testcase name="TrainingPrograms" time="16.588" classname="testng_TestCases.TrainingMenuTest"/>
  <testcase name="ItemList" time="2.837" classname="testng_TestCases.TrainingMenuTest"/>
  <testcase name="ScheduledProgramList" time="3.239" classname="testng_TestCases.TrainingMenuTest"/>
  <testcase name="ProgramSyncInfo" time="2.306" classname="testng_TestCases.TrainingMenuTest"/>
</testsuite> <!-- Default test -->
